<?xml version="1.0" encoding="UTF-8"?>
<testng-results skipped="4" failed="1" ignored="0" total="7" passed="2">
  <reporter-output>
  </reporter-output>
  <suite name="Portfolio Suite" duration-ms="70350" started-at="2021-11-24T08:33:24 IST" finished-at="2021-11-24T08:34:34 IST">
    <groups>
    </groups>
    <test name="Login Test" duration-ms="17033" started-at="2021-11-24T08:33:24 IST" finished-at="2021-11-24T08:33:41 IST">
      <class name="com.core.qtpselenium.ddf.testcases.suite.portfolio.LoginTest">
        <test-method status="PASS" signature="init(org.testng.ITestContext)[pri:0, instance:com.core.qtpselenium.ddf.testcases.suite.portfolio.LoginTest@4566e5bd]" name="init" is-config="true" duration-ms="279" started-at="2021-11-24T08:33:26 IST" finished-at="2021-11-24T08:33:27 IST">
          <params>
            <param index="0">
              <value>
                <![CDATA[org.testng.TestRunner@23e028a9]]>
              </value>
            </param>
          </params>
          <reporter-output>
          </reporter-output>
        </test-method> <!-- init -->
        <test-method status="FAIL" signature="doLogin(java.util.Hashtable)[pri:0, instance:com.core.qtpselenium.ddf.testcases.suite.portfolio.LoginTest@4566e5bd]" name="doLogin" duration-ms="6615" started-at="2021-11-24T08:33:27 IST" data-provider="getData" finished-at="2021-11-24T08:33:33 IST">
          <params>
            <param index="0">
              <value>
                <![CDATA[{Username=ashishthakur1983, Password=pass@1234, Runmode=Y, Result=Pass}]]>
              </value>
            </param>
          </params>
          <exception class="java.lang.AssertionError">
            <message>
              <![CDATA[The following asserts failed:
Titles did not match for login page]]>
            </message>
            <full-stacktrace>
              <![CDATA[java.lang.AssertionError: The following asserts failed:
Titles did not match for login page
at org.testng.asserts.SoftAssert.assertAll(SoftAssert.java:47)
at org.testng.asserts.SoftAssert.assertAll(SoftAssert.java:31)
at com.core.qtpselenium.ddf.keywords.UtilityKeywords.assertAll(UtilityKeywords.java:82)
at com.core.qtpselenium.ddf.testcases.suite.portfolio.LoginTest.doLogin(LoginTest.java:48)
at sun.reflect.NativeMethodAccessorImpl.invoke0(Native Method)
at sun.reflect.NativeMethodAccessorImpl.invoke(NativeMethodAccessorImpl.java:62)
at sun.reflect.DelegatingMethodAccessorImpl.invoke(DelegatingMethodAccessorImpl.java:43)
at java.lang.reflect.Method.invoke(Method.java:498)
at org.testng.internal.MethodInvocationHelper.invokeMethod(MethodInvocationHelper.java:133)
at org.testng.internal.TestInvoker.invokeMethod(TestInvoker.java:584)
at org.testng.internal.TestInvoker.invokeTestMethod(TestInvoker.java:172)
at org.testng.internal.MethodRunner.runInSequence(MethodRunner.java:46)
at org.testng.internal.TestInvoker$MethodInvocationAgent.invoke(TestInvoker.java:804)
at org.testng.internal.TestInvoker.invokeTestMethods(TestInvoker.java:145)
at org.testng.internal.TestMethodWorker.invokeTestMethods(TestMethodWorker.java:146)
at org.testng.internal.TestMethodWorker.run(TestMethodWorker.java:128)
at java.util.ArrayList.forEach(ArrayList.java:1259)
at org.testng.TestRunner.privateRun(TestRunner.java:770)
at org.testng.TestRunner.run(TestRunner.java:591)
at org.testng.SuiteRunner.runTest(SuiteRunner.java:402)
at org.testng.SuiteRunner.runSequentially(SuiteRunner.java:396)
at org.testng.SuiteRunner.privateRun(SuiteRunner.java:355)
at org.testng.SuiteRunner.run(SuiteRunner.java:304)
at org.testng.SuiteRunnerWorker.runSuite(SuiteRunnerWorker.java:53)
at org.testng.SuiteRunnerWorker.run(SuiteRunnerWorker.java:96)
at java.util.concurrent.ThreadPoolExecutor.runWorker(ThreadPoolExecutor.java:1149)
at java.util.concurrent.ThreadPoolExecutor$Worker.run(ThreadPoolExecutor.java:624)
at java.lang.Thread.run(Thread.java:748)
]]>
            </full-stacktrace>
          </exception> <!-- java.lang.AssertionError -->
          <reporter-output>
          </reporter-output>
        </test-method> <!-- doLogin -->
        <test-method status="PASS" signature="quit()[pri:0, instance:com.core.qtpselenium.ddf.testcases.suite.portfolio.LoginTest@4566e5bd]" name="quit" is-config="true" duration-ms="7859" started-at="2021-11-24T08:33:33 IST" finished-at="2021-11-24T08:33:41 IST">
          <reporter-output>
          </reporter-output>
        </test-method> <!-- quit -->
        <test-method status="PASS" signature="init(org.testng.ITestContext)[pri:0, instance:com.core.qtpselenium.ddf.testcases.suite.portfolio.LoginTest@4566e5bd]" name="init" is-config="true" duration-ms="3" started-at="2021-11-24T08:33:41 IST" finished-at="2021-11-24T08:33:41 IST">
          <params>
            <param index="0">
              <value>
                <![CDATA[org.testng.TestRunner@23e028a9]]>
              </value>
            </param>
          </params>
          <reporter-output>
          </reporter-output>
        </test-method> <!-- init -->
        <test-method status="SKIP" signature="doLogin(java.util.Hashtable)[pri:0, instance:com.core.qtpselenium.ddf.testcases.suite.portfolio.LoginTest@4566e5bd]" name="doLogin" duration-ms="0" started-at="2021-11-24T08:33:41 IST" data-provider="getData" finished-at="2021-11-24T08:33:41 IST">
          <params>
            <param index="0">
              <value>
                <![CDATA[{Username=ashishthakur1983, Password=abcd, Runmode=N, Result=Fail}]]>
              </value>
            </param>
          </params>
          <exception class="org.testng.SkipException">
            <message>
              <![CDATA[Skipping the iteration as runmode is N]]>
            </message>
            <full-stacktrace>
              <![CDATA[org.testng.SkipException: Skipping the iteration as runmode is N
at com.core.qtpselenium.ddf.testcases.suite.portfolio.LoginTest.doLogin(LoginTest.java:35)
at sun.reflect.NativeMethodAccessorImpl.invoke0(Native Method)
at sun.reflect.NativeMethodAccessorImpl.invoke(NativeMethodAccessorImpl.java:62)
at sun.reflect.DelegatingMethodAccessorImpl.invoke(DelegatingMethodAccessorImpl.java:43)
at java.lang.reflect.Method.invoke(Method.java:498)
at org.testng.internal.MethodInvocationHelper.invokeMethod(MethodInvocationHelper.java:133)
at org.testng.internal.TestInvoker.invokeMethod(TestInvoker.java:584)
at org.testng.internal.TestInvoker.invokeTestMethod(TestInvoker.java:172)
at org.testng.internal.MethodRunner.runInSequence(MethodRunner.java:46)
at org.testng.internal.TestInvoker$MethodInvocationAgent.invoke(TestInvoker.java:804)
at org.testng.internal.TestInvoker.invokeTestMethods(TestInvoker.java:145)
at org.testng.internal.TestMethodWorker.invokeTestMethods(TestMethodWorker.java:146)
at org.testng.internal.TestMethodWorker.run(TestMethodWorker.java:128)
at java.util.ArrayList.forEach(ArrayList.java:1259)
at org.testng.TestRunner.privateRun(TestRunner.java:770)
at org.testng.TestRunner.run(TestRunner.java:591)
at org.testng.SuiteRunner.runTest(SuiteRunner.java:402)
at org.testng.SuiteRunner.runSequentially(SuiteRunner.java:396)
at org.testng.SuiteRunner.privateRun(SuiteRunner.java:355)
at org.testng.SuiteRunner.run(SuiteRunner.java:304)
at org.testng.SuiteRunnerWorker.runSuite(SuiteRunnerWorker.java:53)
at org.testng.SuiteRunnerWorker.run(SuiteRunnerWorker.java:96)
at java.util.concurrent.ThreadPoolExecutor.runWorker(ThreadPoolExecutor.java:1149)
at java.util.concurrent.ThreadPoolExecutor$Worker.run(ThreadPoolExecutor.java:624)
at java.lang.Thread.run(Thread.java:748)
]]>
            </full-stacktrace>
          </exception> <!-- org.testng.SkipException -->
          <reporter-output>
          </reporter-output>
        </test-method> <!-- doLogin -->
        <test-method status="PASS" signature="quit()[pri:0, instance:com.core.qtpselenium.ddf.testcases.suite.portfolio.LoginTest@4566e5bd]" name="quit" is-config="true" duration-ms="20" started-at="2021-11-24T08:33:41 IST" finished-at="2021-11-24T08:33:41 IST">
          <reporter-output>
          </reporter-output>
        </test-method> <!-- quit -->
        <test-method status="PASS" signature="init(org.testng.ITestContext)[pri:0, instance:com.core.qtpselenium.ddf.testcases.suite.portfolio.LoginTest@4566e5bd]" name="init" is-config="true" duration-ms="1" started-at="2021-11-24T08:33:41 IST" finished-at="2021-11-24T08:33:41 IST">
          <params>
            <param index="0">
              <value>
                <![CDATA[org.testng.TestRunner@23e028a9]]>
              </value>
            </param>
          </params>
          <reporter-output>
          </reporter-output>
        </test-method> <!-- init -->
        <test-method status="SKIP" signature="doLogin(java.util.Hashtable)[pri:0, instance:com.core.qtpselenium.ddf.testcases.suite.portfolio.LoginTest@4566e5bd]" name="doLogin" duration-ms="1" started-at="2021-11-24T08:33:41 IST" data-provider="getData" finished-at="2021-11-24T08:33:41 IST">
          <params>
            <param index="0">
              <value>
                <![CDATA[{Username=ashishthakur1983, Password=abcd, Runmode=N, Result=Fail}]]>
              </value>
            </param>
          </params>
          <exception class="org.testng.SkipException">
            <message>
              <![CDATA[Skipping the iteration as runmode is N]]>
            </message>
            <full-stacktrace>
              <![CDATA[org.testng.SkipException: Skipping the iteration as runmode is N
at com.core.qtpselenium.ddf.testcases.suite.portfolio.LoginTest.doLogin(LoginTest.java:35)
at sun.reflect.NativeMethodAccessorImpl.invoke0(Native Method)
at sun.reflect.NativeMethodAccessorImpl.invoke(NativeMethodAccessorImpl.java:62)
at sun.reflect.DelegatingMethodAccessorImpl.invoke(DelegatingMethodAccessorImpl.java:43)
at java.lang.reflect.Method.invoke(Method.java:498)
at org.testng.internal.MethodInvocationHelper.invokeMethod(MethodInvocationHelper.java:133)
at org.testng.internal.TestInvoker.invokeMethod(TestInvoker.java:584)
at org.testng.internal.TestInvoker.invokeTestMethod(TestInvoker.java:172)
at org.testng.internal.MethodRunner.runInSequence(MethodRunner.java:46)
at org.testng.internal.TestInvoker$MethodInvocationAgent.invoke(TestInvoker.java:804)
at org.testng.internal.TestInvoker.invokeTestMethods(TestInvoker.java:145)
at org.testng.internal.TestMethodWorker.invokeTestMethods(TestMethodWorker.java:146)
at org.testng.internal.TestMethodWorker.run(TestMethodWorker.java:128)
at java.util.ArrayList.forEach(ArrayList.java:1259)
at org.testng.TestRunner.privateRun(TestRunner.java:770)
at org.testng.TestRunner.run(TestRunner.java:591)
at org.testng.SuiteRunner.runTest(SuiteRunner.java:402)
at org.testng.SuiteRunner.runSequentially(SuiteRunner.java:396)
at org.testng.SuiteRunner.privateRun(SuiteRunner.java:355)
at org.testng.SuiteRunner.run(SuiteRunner.java:304)
at org.testng.SuiteRunnerWorker.runSuite(SuiteRunnerWorker.java:53)
at org.testng.SuiteRunnerWorker.run(SuiteRunnerWorker.java:96)
at java.util.concurrent.ThreadPoolExecutor.runWorker(ThreadPoolExecutor.java:1149)
at java.util.concurrent.ThreadPoolExecutor$Worker.run(ThreadPoolExecutor.java:624)
at java.lang.Thread.run(Thread.java:748)
]]>
            </full-stacktrace>
          </exception> <!-- org.testng.SkipException -->
          <reporter-output>
          </reporter-output>
        </test-method> <!-- doLogin -->
        <test-method status="PASS" signature="quit()[pri:0, instance:com.core.qtpselenium.ddf.testcases.suite.portfolio.LoginTest@4566e5bd]" name="quit" is-config="true" duration-ms="52" started-at="2021-11-24T08:33:41 IST" finished-at="2021-11-24T08:33:41 IST">
          <reporter-output>
          </reporter-output>
        </test-method> <!-- quit -->
      </class> <!-- com.core.qtpselenium.ddf.testcases.suite.portfolio.LoginTest -->
    </test> <!-- Login Test -->
    <test name="Create Portfolio" duration-ms="30538" started-at="2021-11-24T08:33:41 IST" finished-at="2021-11-24T08:34:12 IST">
      <class name="com.core.qtpselenium.ddf.testcases.suite.portfolio.CreatePortfolioTest">
        <test-method status="PASS" signature="init(org.testng.ITestContext)[pri:0, instance:com.core.qtpselenium.ddf.testcases.suite.portfolio.CreatePortfolioTest@4e1d422d]" name="init" is-config="true" duration-ms="1" started-at="2021-11-24T08:33:41 IST" finished-at="2021-11-24T08:33:41 IST">
          <params>
            <param index="0">
              <value>
                <![CDATA[org.testng.TestRunner@610694f1]]>
              </value>
            </param>
          </params>
          <reporter-output>
          </reporter-output>
        </test-method> <!-- init -->
        <test-method status="PASS" signature="createPortfolio(java.util.Hashtable)[pri:0, instance:com.core.qtpselenium.ddf.testcases.suite.portfolio.CreatePortfolioTest@4e1d422d]" name="createPortfolio" duration-ms="27988" started-at="2021-11-24T08:33:41 IST" data-provider="getData" finished-at="2021-11-24T08:34:09 IST">
          <params>
            <param index="0">
              <value>
                <![CDATA[{Runmode=Y, Portfolio Name=Test Portfolio 1}]]>
              </value>
            </param>
          </params>
          <reporter-output>
          </reporter-output>
        </test-method> <!-- createPortfolio -->
        <test-method status="PASS" signature="quit()[pri:0, instance:com.core.qtpselenium.ddf.testcases.suite.portfolio.CreatePortfolioTest@4e1d422d]" name="quit" is-config="true" duration-ms="2380" started-at="2021-11-24T08:34:09 IST" finished-at="2021-11-24T08:34:12 IST">
          <reporter-output>
          </reporter-output>
        </test-method> <!-- quit -->
        <test-method status="PASS" signature="init(org.testng.ITestContext)[pri:0, instance:com.core.qtpselenium.ddf.testcases.suite.portfolio.CreatePortfolioTest@4e1d422d]" name="init" is-config="true" duration-ms="1" started-at="2021-11-24T08:34:12 IST" finished-at="2021-11-24T08:34:12 IST">
          <params>
            <param index="0">
              <value>
                <![CDATA[org.testng.TestRunner@610694f1]]>
              </value>
            </param>
          </params>
          <reporter-output>
          </reporter-output>
        </test-method> <!-- init -->
        <test-method status="SKIP" signature="createPortfolio(java.util.Hashtable)[pri:0, instance:com.core.qtpselenium.ddf.testcases.suite.portfolio.CreatePortfolioTest@4e1d422d]" name="createPortfolio" duration-ms="0" started-at="2021-11-24T08:34:12 IST" data-provider="getData" finished-at="2021-11-24T08:34:12 IST">
          <params>
            <param index="0">
              <value>
                <![CDATA[{Runmode=N, Portfolio Name=Test Portfolio 2}]]>
              </value>
            </param>
          </params>
          <exception class="org.testng.SkipException">
            <message>
              <![CDATA[Skipping the iteration as runmode is N]]>
            </message>
            <full-stacktrace>
              <![CDATA[org.testng.SkipException: Skipping the iteration as runmode is N
at com.core.qtpselenium.ddf.testcases.suite.portfolio.CreatePortfolioTest.createPortfolio(CreatePortfolioTest.java:29)
at sun.reflect.NativeMethodAccessorImpl.invoke0(Native Method)
at sun.reflect.NativeMethodAccessorImpl.invoke(NativeMethodAccessorImpl.java:62)
at sun.reflect.DelegatingMethodAccessorImpl.invoke(DelegatingMethodAccessorImpl.java:43)
at java.lang.reflect.Method.invoke(Method.java:498)
at org.testng.internal.MethodInvocationHelper.invokeMethod(MethodInvocationHelper.java:133)
at org.testng.internal.TestInvoker.invokeMethod(TestInvoker.java:584)
at org.testng.internal.TestInvoker.invokeTestMethod(TestInvoker.java:172)
at org.testng.internal.MethodRunner.runInSequence(MethodRunner.java:46)
at org.testng.internal.TestInvoker$MethodInvocationAgent.invoke(TestInvoker.java:804)
at org.testng.internal.TestInvoker.invokeTestMethods(TestInvoker.java:145)
at org.testng.internal.TestMethodWorker.invokeTestMethods(TestMethodWorker.java:146)
at org.testng.internal.TestMethodWorker.run(TestMethodWorker.java:128)
at java.util.ArrayList.forEach(ArrayList.java:1259)
at org.testng.TestRunner.privateRun(TestRunner.java:770)
at org.testng.TestRunner.run(TestRunner.java:591)
at org.testng.SuiteRunner.runTest(SuiteRunner.java:402)
at org.testng.SuiteRunner.runSequentially(SuiteRunner.java:396)
at org.testng.SuiteRunner.privateRun(SuiteRunner.java:355)
at org.testng.SuiteRunner.run(SuiteRunner.java:304)
at org.testng.SuiteRunnerWorker.runSuite(SuiteRunnerWorker.java:53)
at org.testng.SuiteRunnerWorker.run(SuiteRunnerWorker.java:96)
at java.util.concurrent.ThreadPoolExecutor.runWorker(ThreadPoolExecutor.java:1149)
at java.util.concurrent.ThreadPoolExecutor$Worker.run(ThreadPoolExecutor.java:624)
at java.lang.Thread.run(Thread.java:748)
]]>
            </full-stacktrace>
          </exception> <!-- org.testng.SkipException -->
          <reporter-output>
          </reporter-output>
        </test-method> <!-- createPortfolio -->
        <test-method status="PASS" signature="quit()[pri:0, instance:com.core.qtpselenium.ddf.testcases.suite.portfolio.CreatePortfolioTest@4e1d422d]" name="quit" is-config="true" duration-ms="14" started-at="2021-11-24T08:34:12 IST" finished-at="2021-11-24T08:34:12 IST">
          <reporter-output>
          </reporter-output>
        </test-method> <!-- quit -->
      </class> <!-- com.core.qtpselenium.ddf.testcases.suite.portfolio.CreatePortfolioTest -->
    </test> <!-- Create Portfolio -->
    <test name="Delete Portfolio" duration-ms="22708" started-at="2021-11-24T08:34:12 IST" finished-at="2021-11-24T08:34:34 IST">
      <class name="com.core.qtpselenium.ddf.testcases.suite.portfolio.DeletePortfolioTest">
        <test-method status="PASS" signature="createPortfolio(java.util.Hashtable)[pri:0, instance:com.core.qtpselenium.ddf.testcases.suite.portfolio.DeletePortfolioTest@5383967b]" name="createPortfolio" duration-ms="20715" started-at="2021-11-24T08:34:12 IST" data-provider="getData" finished-at="2021-11-24T08:34:33 IST">
          <params>
            <param index="0">
              <value>
                <![CDATA[{Runmode=Y, Portfolio Name=Test Portfolio 1}]]>
              </value>
            </param>
          </params>
          <reporter-output>
          </reporter-output>
        </test-method> <!-- createPortfolio -->
        <test-method status="PASS" signature="init(org.testng.ITestContext)[pri:0, instance:com.core.qtpselenium.ddf.testcases.suite.portfolio.DeletePortfolioTest@5383967b]" name="init" is-config="true" duration-ms="0" started-at="2021-11-24T08:34:12 IST" finished-at="2021-11-24T08:34:12 IST">
          <params>
            <param index="0">
              <value>
                <![CDATA[org.testng.TestRunner@43814d18]]>
              </value>
            </param>
          </params>
          <reporter-output>
          </reporter-output>
        </test-method> <!-- init -->
        <test-method status="PASS" signature="quit()[pri:0, instance:com.core.qtpselenium.ddf.testcases.suite.portfolio.DeletePortfolioTest@5383967b]" name="quit" is-config="true" duration-ms="1917" started-at="2021-11-24T08:34:33 IST" finished-at="2021-11-24T08:34:34 IST">
          <reporter-output>
          </reporter-output>
        </test-method> <!-- quit -->
        <test-method status="SKIP" signature="createPortfolio(java.util.Hashtable)[pri:0, instance:com.core.qtpselenium.ddf.testcases.suite.portfolio.DeletePortfolioTest@5383967b]" name="createPortfolio" duration-ms="1" started-at="2021-11-24T08:34:34 IST" data-provider="getData" finished-at="2021-11-24T08:34:34 IST">
          <params>
            <param index="0">
              <value>
                <![CDATA[{Runmode=N, Portfolio Name=Test Portfolio 2}]]>
              </value>
            </param>
          </params>
          <exception class="org.testng.SkipException">
            <message>
              <![CDATA[Skipping the iteration as runmode is N]]>
            </message>
            <full-stacktrace>
              <![CDATA[org.testng.SkipException: Skipping the iteration as runmode is N
at com.core.qtpselenium.ddf.testcases.suite.portfolio.DeletePortfolioTest.createPortfolio(DeletePortfolioTest.java:32)
at sun.reflect.NativeMethodAccessorImpl.invoke0(Native Method)
at sun.reflect.NativeMethodAccessorImpl.invoke(NativeMethodAccessorImpl.java:62)
at sun.reflect.DelegatingMethodAccessorImpl.invoke(DelegatingMethodAccessorImpl.java:43)
at java.lang.reflect.Method.invoke(Method.java:498)
at org.testng.internal.MethodInvocationHelper.invokeMethod(MethodInvocationHelper.java:133)
at org.testng.internal.TestInvoker.invokeMethod(TestInvoker.java:584)
at org.testng.internal.TestInvoker.invokeTestMethod(TestInvoker.java:172)
at org.testng.internal.MethodRunner.runInSequence(MethodRunner.java:46)
at org.testng.internal.TestInvoker$MethodInvocationAgent.invoke(TestInvoker.java:804)
at org.testng.internal.TestInvoker.invokeTestMethods(TestInvoker.java:145)
at org.testng.internal.TestMethodWorker.invokeTestMethods(TestMethodWorker.java:146)
at org.testng.internal.TestMethodWorker.run(TestMethodWorker.java:128)
at java.util.ArrayList.forEach(ArrayList.java:1259)
at org.testng.TestRunner.privateRun(TestRunner.java:770)
at org.testng.TestRunner.run(TestRunner.java:591)
at org.testng.SuiteRunner.runTest(SuiteRunner.java:402)
at org.testng.SuiteRunner.runSequentially(SuiteRunner.java:396)
at org.testng.SuiteRunner.privateRun(SuiteRunner.java:355)
at org.testng.SuiteRunner.run(SuiteRunner.java:304)
at org.testng.SuiteRunnerWorker.runSuite(SuiteRunnerWorker.java:53)
at org.testng.SuiteRunnerWorker.run(SuiteRunnerWorker.java:96)
at java.util.concurrent.ThreadPoolExecutor.runWorker(ThreadPoolExecutor.java:1149)
at java.util.concurrent.ThreadPoolExecutor$Worker.run(ThreadPoolExecutor.java:624)
at java.lang.Thread.run(Thread.java:748)
]]>
            </full-stacktrace>
          </exception> <!-- org.testng.SkipException -->
          <reporter-output>
          </reporter-output>
        </test-method> <!-- createPortfolio -->
        <test-method status="PASS" signature="init(org.testng.ITestContext)[pri:0, instance:com.core.qtpselenium.ddf.testcases.suite.portfolio.DeletePortfolioTest@5383967b]" name="init" is-config="true" duration-ms="0" started-at="2021-11-24T08:34:34 IST" finished-at="2021-11-24T08:34:34 IST">
          <params>
            <param index="0">
              <value>
                <![CDATA[org.testng.TestRunner@43814d18]]>
              </value>
            </param>
          </params>
          <reporter-output>
          </reporter-output>
        </test-method> <!-- init -->
        <test-method status="PASS" signature="quit()[pri:0, instance:com.core.qtpselenium.ddf.testcases.suite.portfolio.DeletePortfolioTest@5383967b]" name="quit" is-config="true" duration-ms="20" started-at="2021-11-24T08:34:34 IST" finished-at="2021-11-24T08:34:34 IST">
          <reporter-output>
          </reporter-output>
        </test-method> <!-- quit -->
      </class> <!-- com.core.qtpselenium.ddf.testcases.suite.portfolio.DeletePortfolioTest -->
    </test> <!-- Delete Portfolio -->
  </suite> <!-- Portfolio Suite -->
</testng-results>
