<?xml version="1.0" encoding="UTF-8"?>
<!-- Generated by org.testng.reporters.JUnitXMLReporter -->
<testsuite hostname="DESKTOP-FVRAVKU" ignored="0" name="Login Test" tests="3" failures="1" timestamp="2021-11-24T08:16:47 IST" time="17.379" errors="0">
  <testcase name="doLogin" time="8.867" classname="com.core.qtpselenium.ddf.testcases.suite.portfolio.LoginTest">
    <failure type="java.lang.AssertionError" message="The following asserts failed:
	Titles did not match for login page">
      <![CDATA[java.lang.AssertionError: The following asserts failed:
Titles did not match for login page
at com.core.qtpselenium.ddf.keywords.UtilityKeywords.assertAll(UtilityKeywords.java:82)
at com.core.qtpselenium.ddf.testcases.suite.portfolio.LoginTest.doLogin(LoginTest.java:48)
at java.util.ArrayList.forEach(ArrayList.java:1259)
at java.util.concurrent.ThreadPoolExecutor.runWorker(ThreadPoolExecutor.java:1149)
at java.util.concurrent.ThreadPoolExecutor$Worker.run(ThreadPoolExecutor.java:624)
at java.lang.Thread.run(Thread.java:748)
... Removed 22 stack frames]]>
    </failure>
  </testcase> <!-- doLogin -->
  <testcase name="doLogin" time="0.001" classname="com.core.qtpselenium.ddf.testcases.suite.portfolio.LoginTest">
    <skipped/>
  </testcase> <!-- doLogin -->
  <testcase name="doLogin" time="0.001" classname="com.core.qtpselenium.ddf.testcases.suite.portfolio.LoginTest">
    <skipped/>
  </testcase> <!-- doLogin -->
</testsuite> <!-- Login Test -->
